Using launch settings from C:\Dev\CyberRiskPlatform\CyberRiskApp\CyberRiskApp\CyberRiskApp\Properties\launchSettings.json...
Building...
info: Microsoft.EntityFrameworkCore.Database.Command[20101]
      Executed DbCommand (47ms) [Parameters=[@__normalizedName_0='?'], CommandType='Text', CommandTimeout='30']
      SELECT a."Id", a."ConcurrencyStamp", a."Name", a."NormalizedName"
      FROM "AspNetRoles" AS a
      WHERE a."NormalizedName" = @__normalizedName_0
      LIMIT 1
info: Microsoft.EntityFrameworkCore.Database.Command[20101]
      Executed DbCommand (3ms) [Parameters=[@__normalizedName_0='?'], CommandType='Text', CommandTimeout='30']
      SELECT a."Id", a."ConcurrencyStamp", a."Name", a."NormalizedName"
      FROM "AspNetRoles" AS a
      WHERE a."NormalizedName" = @__normalizedName_0
      LIMIT 1
info: Microsoft.EntityFrameworkCore.Database.Command[20101]
      Executed DbCommand (1ms) [Parameters=[@__normalizedName_0='?'], CommandType='Text', CommandTimeout='30']
      SELECT a."Id", a."ConcurrencyStamp", a."Name", a."NormalizedName"
      FROM "AspNetRoles" AS a
      WHERE a."NormalizedName" = @__normalizedName_0
      LIMIT 1
info: Microsoft.EntityFrameworkCore.Database.Command[20101]
      Executed DbCommand (3ms) [Parameters=[], CommandType='Text', CommandTimeout='30']
      SELECT a."Id", a."AccessFailedCount", a."ConcurrencyStamp", a."CreatedAt", a."Department", a."Email", a."EmailConfirmed", a."FirstName", a."IsActive", a."JobTitle", a."LastLoginDate", a."LastName", a."LockoutEnabled", a."LockoutEnd", a."NormalizedEmail", a."NormalizedUserName", a."PasswordHash", a."PhoneNumber", a."PhoneNumberConfirmed", a."Role", a."SecurityStamp", a."TwoFactorEnabled", a."UpdatedAt", a."UserName"
      FROM "AspNetUsers" AS a
info: Microsoft.EntityFrameworkCore.Database.Command[20101]
      Executed DbCommand (2ms) [Parameters=[@__userId_0='?'], CommandType='Text', CommandTimeout='30']
      SELECT a0."Name"
      FROM "AspNetUserRoles" AS a
      INNER JOIN "AspNetRoles" AS a0 ON a."RoleId" = a0."Id"
      WHERE a."UserId" = @__userId_0
info: Microsoft.EntityFrameworkCore.Database.Command[20101]
      Executed DbCommand (1ms) [Parameters=[@__normalizedRoleName_0='?'], CommandType='Text', CommandTimeout='30']
      SELECT a."Id", a."ConcurrencyStamp", a."Name", a."NormalizedName"
      FROM "AspNetRoles" AS a
      WHERE a."NormalizedName" = @__normalizedRoleName_0
      LIMIT 2
info: Microsoft.EntityFrameworkCore.Database.Command[20101]
      Executed DbCommand (1ms) [Parameters=[@__p_0='?', @__p_1='?'], CommandType='Text', CommandTimeout='30']
      SELECT a."UserId", a."RoleId"
      FROM "AspNetUserRoles" AS a
      WHERE a."UserId" = @__p_0 AND a."RoleId" = @__p_1
      LIMIT 1
info: Microsoft.EntityFrameworkCore.Database.Command[20101]
      Executed DbCommand (1ms) [Parameters=[@__normalizedRoleName_0='?'], CommandType='Text', CommandTimeout='30']
      SELECT a."Id", a."ConcurrencyStamp", a."Name", a."NormalizedName"
      FROM "AspNetRoles" AS a
      WHERE a."NormalizedName" = @__normalizedRoleName_0
      LIMIT 2
info: Microsoft.EntityFrameworkCore.Database.Command[20101]
      Executed DbCommand (1ms) [Parameters=[@__normalizedUserName_0='?'], CommandType='Text', CommandTimeout='30']
      SELECT a."Id", a."AccessFailedCount", a."ConcurrencyStamp", a."CreatedAt", a."Department", a."Email", a."EmailConfirmed", a."FirstName", a."IsActive", a."JobTitle", a."LastLoginDate", a."LastName", a."LockoutEnabled", a."LockoutEnd", a."NormalizedEmail", a."NormalizedUserName", a."PasswordHash", a."PhoneNumber", a."PhoneNumberConfirmed", a."Role", a."SecurityStamp", a."TwoFactorEnabled", a."UpdatedAt", a."UserName"
      FROM "AspNetUsers" AS a
      WHERE a."NormalizedUserName" = @__normalizedUserName_0
      LIMIT 1
info: Microsoft.EntityFrameworkCore.Database.Command[20101]
      Executed DbCommand (3ms) [Parameters=[@p0='?', @p1='?', @p25='?', @p2='?' (DbType = Int32), @p3='?', @p26='?', @p4='?' (DbType = DateTime), @p5='?', @p6='?', @p7='?' (DbType = Boolean), @p8='?', @p9='?' (DbType = Boolean), @p10='?', @p11='?' (DbType = DateTime), @p12='?', @p13='?' (DbType = Boolean), @p14='?' (DbType = DateTime), @p15='?', @p16='?', @p17='?', @p18='?', @p19='?' (DbType = Boolean), @p20='?' (DbType = Int32), @p21='?', @p22='?' (DbType = Boolean), @p23='?' (DbType = DateTime), @p24='?'], CommandType='Text', CommandTimeout='30']
      DELETE FROM "AspNetUserRoles"
      WHERE "RoleId" = @p0 AND "UserId" = @p1;
      UPDATE "AspNetUsers" SET "AccessFailedCount" = @p2, "ConcurrencyStamp" = @p3, "CreatedAt" = @p4, "Department" = @p5, "Email" = @p6, "EmailConfirmed" = @p7, "FirstName" = @p8, "IsActive" = @p9, "JobTitle" = @p10, "LastLoginDate" = @p11, "LastName" = @p12, "LockoutEnabled" = @p13, "LockoutEnd" = @p14, "NormalizedEmail" = @p15, "NormalizedUserName" = @p16, "PasswordHash" = @p17, "PhoneNumber" = @p18, "PhoneNumberConfirmed" = @p19, "Role" = @p20, "SecurityStamp" = @p21, "TwoFactorEnabled" = @p22, "UpdatedAt" = @p23, "UserName" = @p24
      WHERE "Id" = @p25 AND "ConcurrencyStamp" = @p26;
info: Microsoft.EntityFrameworkCore.Database.Command[20101]
      Executed DbCommand (1ms) [Parameters=[@__normalizedRoleName_0='?'], CommandType='Text', CommandTimeout='30']
      SELECT a."Id", a."ConcurrencyStamp", a."Name", a."NormalizedName"
      FROM "AspNetRoles" AS a
      WHERE a."NormalizedName" = @__normalizedRoleName_0
      LIMIT 2
info: Microsoft.EntityFrameworkCore.Database.Command[20101]
      Executed DbCommand (0ms) [Parameters=[@__p_0='?', @__p_1='?'], CommandType='Text', CommandTimeout='30']
      SELECT a."UserId", a."RoleId"
      FROM "AspNetUserRoles" AS a
      WHERE a."UserId" = @__p_0 AND a."RoleId" = @__p_1
      LIMIT 1
info: Microsoft.EntityFrameworkCore.Database.Command[20101]
      Executed DbCommand (0ms) [Parameters=[@__normalizedRoleName_0='?'], CommandType='Text', CommandTimeout='30']
      SELECT a."Id", a."ConcurrencyStamp", a."Name", a."NormalizedName"
      FROM "AspNetRoles" AS a
      WHERE a."NormalizedName" = @__normalizedRoleName_0
      LIMIT 2
info: Microsoft.EntityFrameworkCore.Database.Command[20101]
      Executed DbCommand (0ms) [Parameters=[@__normalizedUserName_0='?'], CommandType='Text', CommandTimeout='30']
      SELECT a."Id", a."AccessFailedCount", a."ConcurrencyStamp", a."CreatedAt", a."Department", a."Email", a."EmailConfirmed", a."FirstName", a."IsActive", a."JobTitle", a."LastLoginDate", a."LastName", a."LockoutEnabled", a."LockoutEnd", a."NormalizedEmail", a."NormalizedUserName", a."PasswordHash", a."PhoneNumber", a."PhoneNumberConfirmed", a."Role", a."SecurityStamp", a."TwoFactorEnabled", a."UpdatedAt", a."UserName"
      FROM "AspNetUsers" AS a
      WHERE a."NormalizedUserName" = @__normalizedUserName_0
      LIMIT 1
info: Microsoft.EntityFrameworkCore.Database.Command[20101]
      Executed DbCommand (1ms) [Parameters=[@p0='?', @p1='?', @p25='?', @p2='?' (DbType = Int32), @p3='?', @p26='?', @p4='?' (DbType = DateTime), @p5='?', @p6='?', @p7='?' (DbType = Boolean), @p8='?', @p9='?' (DbType = Boolean), @p10='?', @p11='?' (DbType = DateTime), @p12='?', @p13='?' (DbType = Boolean), @p14='?' (DbType = DateTime), @p15='?', @p16='?', @p17='?', @p18='?', @p19='?' (DbType = Boolean), @p20='?' (DbType = Int32), @p21='?', @p22='?' (DbType = Boolean), @p23='?' (DbType = DateTime), @p24='?'], CommandType='Text', CommandTimeout='30']
      INSERT INTO "AspNetUserRoles" ("RoleId", "UserId")
      VALUES (@p0, @p1);
      UPDATE "AspNetUsers" SET "AccessFailedCount" = @p2, "ConcurrencyStamp" = @p3, "CreatedAt" = @p4, "Department" = @p5, "Email" = @p6, "EmailConfirmed" = @p7, "FirstName" = @p8, "IsActive" = @p9, "JobTitle" = @p10, "LastLoginDate" = @p11, "LastName" = @p12, "LockoutEnabled" = @p13, "LockoutEnd" = @p14, "NormalizedEmail" = @p15, "NormalizedUserName" = @p16, "PasswordHash" = @p17, "PhoneNumber" = @p18, "PhoneNumberConfirmed" = @p19, "Role" = @p20, "SecurityStamp" = @p21, "TwoFactorEnabled" = @p22, "UpdatedAt" = @p23, "UserName" = @p24
      WHERE "Id" = @p25 AND "ConcurrencyStamp" = @p26;
info: Microsoft.EntityFrameworkCore.Database.Command[20101]
      Executed DbCommand (2ms) [Parameters=[@__user_Id_0='?'], CommandType='Text', CommandTimeout='30']
      SELECT a."Id", a."ClaimType", a."ClaimValue", a."UserId"
      FROM "AspNetUserClaims" AS a
      WHERE a."UserId" = @__user_Id_0
info: Microsoft.EntityFrameworkCore.Database.Command[20101]
      Executed DbCommand (1ms) [Parameters=[@__normalizedEmail_0='?'], CommandType='Text', CommandTimeout='30']
      SELECT a."Id", a."AccessFailedCount", a."ConcurrencyStamp", a."CreatedAt", a."Department", a."Email", a."EmailConfirmed", a."FirstName", a."IsActive", a."JobTitle", a."LastLoginDate", a."LastName", a."LockoutEnabled", a."LockoutEnd", a."NormalizedEmail", a."NormalizedUserName", a."PasswordHash", a."PhoneNumber", a."PhoneNumberConfirmed", a."Role", a."SecurityStamp", a."TwoFactorEnabled", a."UpdatedAt", a."UserName"
      FROM "AspNetUsers" AS a
      WHERE a."NormalizedEmail" = @__normalizedEmail_0
      LIMIT 2
info: Microsoft.EntityFrameworkCore.Database.Command[20101]
      Executed DbCommand (2ms) [Parameters=[], CommandType='Text', CommandTimeout='30']
      SELECT EXISTS (
          SELECT 1
          FROM "RiskMatrices" AS r)
✅ Initialized default risk matrices
info: Microsoft.Hosting.Lifetime[14]
      Now listening on: https://localhost:5001
info: Microsoft.Hosting.Lifetime[0]
      Application started. Press Ctrl+C to shut down.
info: Microsoft.Hosting.Lifetime[0]
      Hosting environment: Development
info: Microsoft.Hosting.Lifetime[0]
      Content root path: C:\Dev\CyberRiskPlatform\CyberRiskApp\CyberRiskApp\CyberRiskApp
