Using launch settings from C:\Dev\CyberRiskPlatform\CyberRiskApp\CyberRiskApp\CyberRiskApp\Properties\launchSettings.json...
Building...
C:\Dev\CyberRiskPlatform\CyberRiskApp\CyberRiskApp\CyberRiskApp\Models\AttackStepVulnerability.cs(71,37): warning CS8766: Nullability of reference types in return type of 'byte[]? AttackStepVulnerability.RowVersion.get' doesn't match implicitly implemented member 'byte[] IAuditableEntity.RowVersion.get' (possibly because of nullability attributes). [C:\Dev\CyberRiskPlatform\CyberRiskApp\CyberRiskApp\CyberRiskApp\CyberRiskApp.csproj]
C:\Dev\CyberRiskPlatform\CyberRiskApp\CyberRiskApp\CyberRiskApp\Services\IMaturityService.cs(35,150): warning CS8625: Cannot convert null literal to non-nullable reference type. [C:\Dev\CyberRiskPlatform\CyberRiskApp\CyberRiskApp\CyberRiskApp\CyberRiskApp.csproj]
C:\Dev\CyberRiskPlatform\CyberRiskApp\CyberRiskApp\CyberRiskApp\Models\AttackChain.cs(84,37): warning CS8766: Nullability of reference types in return type of 'byte[]? AttackChain.RowVersion.get' doesn't match implicitly implemented member 'byte[] IAuditableEntity.RowVersion.get' (possibly because of nullability attributes). [C:\Dev\CyberRiskPlatform\CyberRiskApp\CyberRiskApp\CyberRiskApp\CyberRiskApp.csproj]
C:\Dev\CyberRiskPlatform\CyberRiskApp\CyberRiskApp\CyberRiskApp\Models\RiskAssessmentThreatModel.cs(73,37): warning CS8766: Nullability of reference types in return type of 'byte[]? RiskAssessmentThreatModel.RowVersion.get' doesn't match implicitly implemented member 'byte[] IAuditableEntity.RowVersion.get' (possibly because of nullability attributes). [C:\Dev\CyberRiskPlatform\CyberRiskApp\CyberRiskApp\CyberRiskApp\CyberRiskApp.csproj]
C:\Dev\CyberRiskPlatform\CyberRiskApp\CyberRiskApp\CyberRiskApp\Models\LossEvent.cs(98,37): warning CS8766: Nullability of reference types in return type of 'byte[]? LossEvent.RowVersion.get' doesn't match implicitly implemented member 'byte[] IAuditableEntity.RowVersion.get' (possibly because of nullability attributes). [C:\Dev\CyberRiskPlatform\CyberRiskApp\CyberRiskApp\CyberRiskApp\CyberRiskApp.csproj]
C:\Dev\CyberRiskPlatform\CyberRiskApp\CyberRiskApp\CyberRiskApp\Services\MaturityService.cs(241,163): warning CS8625: Cannot convert null literal to non-nullable reference type. [C:\Dev\CyberRiskPlatform\CyberRiskApp\CyberRiskApp\CyberRiskApp\CyberRiskApp.csproj]
C:\Dev\CyberRiskPlatform\CyberRiskApp\CyberRiskApp\CyberRiskApp\Models\ThreatEvent.cs(64,37): warning CS8766: Nullability of reference types in return type of 'byte[]? ThreatEvent.RowVersion.get' doesn't match implicitly implemented member 'byte[] IAuditableEntity.RowVersion.get' (possibly because of nullability attributes). [C:\Dev\CyberRiskPlatform\CyberRiskApp\CyberRiskApp\CyberRiskApp\CyberRiskApp.csproj]
C:\Dev\CyberRiskPlatform\CyberRiskApp\CyberRiskApp\CyberRiskApp\Services\ITechnicalControlMappingService.cs(35,119): warning CS8625: Cannot convert null literal to non-nullable reference type. [C:\Dev\CyberRiskPlatform\CyberRiskApp\CyberRiskApp\CyberRiskApp\CyberRiskApp.csproj]
C:\Dev\CyberRiskPlatform\CyberRiskApp\CyberRiskApp\CyberRiskApp\Services\ITechnicalControlMappingService.cs(36,118): warning CS8625: Cannot convert null literal to non-nullable reference type. [C:\Dev\CyberRiskPlatform\CyberRiskApp\CyberRiskApp\CyberRiskApp\CyberRiskApp.csproj]
C:\Dev\CyberRiskPlatform\CyberRiskApp\CyberRiskApp\CyberRiskApp\Services\TechnicalControlMappingService.cs(398,132): warning CS8625: Cannot convert null literal to non-nullable reference type. [C:\Dev\CyberRiskPlatform\CyberRiskApp\CyberRiskApp\CyberRiskApp\CyberRiskApp.csproj]
C:\Dev\CyberRiskPlatform\CyberRiskApp\CyberRiskApp\CyberRiskApp\Services\TechnicalControlMappingService.cs(454,131): warning CS8625: Cannot convert null literal to non-nullable reference type. [C:\Dev\CyberRiskPlatform\CyberRiskApp\CyberRiskApp\CyberRiskApp\CyberRiskApp.csproj]
C:\Dev\CyberRiskPlatform\CyberRiskApp\CyberRiskApp\CyberRiskApp\Filters\CleanupEmptyRisksAttribute.cs(53,33): warning CS8602: Dereference of a possibly null reference. [C:\Dev\CyberRiskPlatform\CyberRiskApp\CyberRiskApp\CyberRiskApp\CyberRiskApp.csproj]
C:\Dev\CyberRiskPlatform\CyberRiskApp\CyberRiskApp\CyberRiskApp\Controllers\AccountController.cs(62,30): warning CS0168: The variable 'ex' is declared but never used [C:\Dev\CyberRiskPlatform\CyberRiskApp\CyberRiskApp\CyberRiskApp\CyberRiskApp.csproj]
C:\Dev\CyberRiskPlatform\CyberRiskApp\CyberRiskApp\CyberRiskApp\Controllers\AccountController.cs(183,30): warning CS0168: The variable 'ex' is declared but never used [C:\Dev\CyberRiskPlatform\CyberRiskApp\CyberRiskApp\CyberRiskApp\CyberRiskApp.csproj]
C:\Dev\CyberRiskPlatform\CyberRiskApp\CyberRiskApp\CyberRiskApp\Controllers\Api\BackupApiController.cs(27,42): warning CS1998: This async method lacks 'await' operators and will run synchronously. Consider using the 'await' operator to await non-blocking API calls, or 'await Task.Run(...)' to do CPU-bound work on a background thread. [C:\Dev\CyberRiskPlatform\CyberRiskApp\CyberRiskApp\CyberRiskApp\CyberRiskApp.csproj]
C:\Dev\CyberRiskPlatform\CyberRiskApp\CyberRiskApp\CyberRiskApp\Controllers\AccountController.cs(248,42): warning CS1998: This async method lacks 'await' operators and will run synchronously. Consider using the 'await' operator to await non-blocking API calls, or 'await Task.Run(...)' to do CPU-bound work on a background thread. [C:\Dev\CyberRiskPlatform\CyberRiskApp\CyberRiskApp\CyberRiskApp\CyberRiskApp.csproj]
C:\Dev\CyberRiskPlatform\CyberRiskApp\CyberRiskApp\CyberRiskApp\Controllers\Api\ThreatModelingApiController.cs(190,32): warning CS8600: Converting null literal or possible null value to non-nullable type. [C:\Dev\CyberRiskPlatform\CyberRiskApp\CyberRiskApp\CyberRiskApp\CyberRiskApp.csproj]
C:\Dev\CyberRiskPlatform\CyberRiskApp\CyberRiskApp\CyberRiskApp\Controllers\Api\TechnicalControlMappingController.cs(81,102): warning CS8604: Possible null reference argument for parameter 'framework' in 'Task<IEnumerable<TechnicalControlMappingViewModel>> ITechnicalControlMappingService.SearchMappingsAsync(string searchTerm, string framework = null)'. [C:\Dev\CyberRiskPlatform\CyberRiskApp\CyberRiskApp\CyberRiskApp\CyberRiskApp.csproj]
C:\Dev\CyberRiskPlatform\CyberRiskApp\CyberRiskApp\CyberRiskApp\Controllers\Api\TechnicalControlMappingController.cs(97,112): warning CS8604: Possible null reference argument for parameter 'framework' in 'Task<IEnumerable<ComplianceControlInfo>> ITechnicalControlMappingService.SearchComplianceControlsAsync(string searchTerm, string framework = null)'. [C:\Dev\CyberRiskPlatform\CyberRiskApp\CyberRiskApp\CyberRiskApp\CyberRiskApp.csproj]
C:\Dev\CyberRiskPlatform\CyberRiskApp\CyberRiskApp\CyberRiskApp\Services\CacheService.cs(26,45): warning CS8600: Converting null literal or possible null value to non-nullable type. [C:\Dev\CyberRiskPlatform\CyberRiskApp\CyberRiskApp\CyberRiskApp\CyberRiskApp.csproj]
C:\Dev\CyberRiskPlatform\CyberRiskApp\CyberRiskApp\CyberRiskApp\Services\CacheService.cs(28,24): warning CS8603: Possible null reference return. [C:\Dev\CyberRiskPlatform\CyberRiskApp\CyberRiskApp\CyberRiskApp\CyberRiskApp.csproj]
C:\Dev\CyberRiskPlatform\CyberRiskApp\CyberRiskApp\CyberRiskApp\Controllers\ComplianceAssessmentsController.cs(112,61): warning CS8602: Dereference of a possibly null reference. [C:\Dev\CyberRiskPlatform\CyberRiskApp\CyberRiskApp\CyberRiskApp\CyberRiskApp.csproj]
C:\Dev\CyberRiskPlatform\CyberRiskApp\CyberRiskApp\CyberRiskApp\Controllers\ComplianceAssessmentsController.cs(114,73): warning CS8602: Dereference of a possibly null reference. [C:\Dev\CyberRiskPlatform\CyberRiskApp\CyberRiskApp\CyberRiskApp\CyberRiskApp.csproj]
C:\Dev\CyberRiskPlatform\CyberRiskApp\CyberRiskApp\CyberRiskApp\Controllers\AttackChainController.cs(99,43): warning CS8602: Dereference of a possibly null reference. [C:\Dev\CyberRiskPlatform\CyberRiskApp\CyberRiskApp\CyberRiskApp\CyberRiskApp.csproj]
C:\Dev\CyberRiskPlatform\CyberRiskApp\CyberRiskApp\CyberRiskApp\Controllers\AttackChainController.cs(110,42): warning CS1998: This async method lacks 'await' operators and will run synchronously. Consider using the 'await' operator to await non-blocking API calls, or 'await Task.Run(...)' to do CPU-bound work on a background thread. [C:\Dev\CyberRiskPlatform\CyberRiskApp\CyberRiskApp\CyberRiskApp\CyberRiskApp.csproj]
C:\Dev\CyberRiskPlatform\CyberRiskApp\CyberRiskApp\CyberRiskApp\Services\BackupService.cs(308,33): warning CS1998: This async method lacks 'await' operators and will run synchronously. Consider using the 'await' operator to await non-blocking API calls, or 'await Task.Run(...)' to do CPU-bound work on a background thread. [C:\Dev\CyberRiskPlatform\CyberRiskApp\CyberRiskApp\CyberRiskApp\CyberRiskApp.csproj]
C:\Dev\CyberRiskPlatform\CyberRiskApp\CyberRiskApp\CyberRiskApp\Services\BackupService.cs(434,33): warning CS1998: This async method lacks 'await' operators and will run synchronously. Consider using the 'await' operator to await non-blocking API calls, or 'await Task.Run(...)' to do CPU-bound work on a background thread. [C:\Dev\CyberRiskPlatform\CyberRiskApp\CyberRiskApp\CyberRiskApp\CyberRiskApp.csproj]
C:\Dev\CyberRiskPlatform\CyberRiskApp\CyberRiskApp\CyberRiskApp\Controllers\AttackChainController.cs(188,37): warning CS8601: Possible null reference assignment. [C:\Dev\CyberRiskPlatform\CyberRiskApp\CyberRiskApp\CyberRiskApp\CyberRiskApp.csproj]
C:\Dev\CyberRiskPlatform\CyberRiskApp\CyberRiskApp\CyberRiskApp\Controllers\AttackChainController.cs(189,43): warning CS8601: Possible null reference assignment. [C:\Dev\CyberRiskPlatform\CyberRiskApp\CyberRiskApp\CyberRiskApp\CyberRiskApp.csproj]
C:\Dev\CyberRiskPlatform\CyberRiskApp\CyberRiskApp\CyberRiskApp\Controllers\ComplianceAssessmentsController.cs(254,51): warning CS8601: Possible null reference assignment. [C:\Dev\CyberRiskPlatform\CyberRiskApp\CyberRiskApp\CyberRiskApp\CyberRiskApp.csproj]
C:\Dev\CyberRiskPlatform\CyberRiskApp\CyberRiskApp\CyberRiskApp\Controllers\ComplianceAssessmentsController.cs(286,55): warning CS8601: Possible null reference assignment. [C:\Dev\CyberRiskPlatform\CyberRiskApp\CyberRiskApp\CyberRiskApp\CyberRiskApp.csproj]
C:\Dev\CyberRiskPlatform\CyberRiskApp\CyberRiskApp\CyberRiskApp\Controllers\ComplianceAssessmentsController.cs(291,50): warning CS8601: Possible null reference assignment. [C:\Dev\CyberRiskPlatform\CyberRiskApp\CyberRiskApp\CyberRiskApp\CyberRiskApp.csproj]
C:\Dev\CyberRiskPlatform\CyberRiskApp\CyberRiskApp\CyberRiskApp\Controllers\ComplianceAssessmentsController.cs(296,62): warning CS8601: Possible null reference assignment. [C:\Dev\CyberRiskPlatform\CyberRiskApp\CyberRiskApp\CyberRiskApp\CyberRiskApp.csproj]
C:\Dev\CyberRiskPlatform\CyberRiskApp\CyberRiskApp\CyberRiskApp\Controllers\ThreatModelingController.cs(562,28): warning CS8600: Converting null literal or possible null value to non-nullable type. [C:\Dev\CyberRiskPlatform\CyberRiskApp\CyberRiskApp\CyberRiskApp\CyberRiskApp.csproj]
C:\Dev\CyberRiskPlatform\CyberRiskApp\CyberRiskApp\CyberRiskApp\Controllers\ComplianceAssessmentsController.cs(349,55): warning CS8601: Possible null reference assignment. [C:\Dev\CyberRiskPlatform\CyberRiskApp\CyberRiskApp\CyberRiskApp\CyberRiskApp.csproj]
C:\Dev\CyberRiskPlatform\CyberRiskApp\CyberRiskApp\CyberRiskApp\Controllers\ComplianceAssessmentsController.cs(381,59): warning CS8601: Possible null reference assignment. [C:\Dev\CyberRiskPlatform\CyberRiskApp\CyberRiskApp\CyberRiskApp\CyberRiskApp.csproj]
C:\Dev\CyberRiskPlatform\CyberRiskApp\CyberRiskApp\CyberRiskApp\Controllers\ComplianceAssessmentsController.cs(386,54): warning CS8601: Possible null reference assignment. [C:\Dev\CyberRiskPlatform\CyberRiskApp\CyberRiskApp\CyberRiskApp\CyberRiskApp.csproj]
C:\Dev\CyberRiskPlatform\CyberRiskApp\CyberRiskApp\CyberRiskApp\Controllers\ComplianceAssessmentsController.cs(391,66): warning CS8601: Possible null reference assignment. [C:\Dev\CyberRiskPlatform\CyberRiskApp\CyberRiskApp\CyberRiskApp\CyberRiskApp.csproj]
C:\Dev\CyberRiskPlatform\CyberRiskApp\CyberRiskApp\CyberRiskApp\Controllers\CISOExecutiveController.cs(269,30): warning CS0168: The variable 'ex' is declared but never used [C:\Dev\CyberRiskPlatform\CyberRiskApp\CyberRiskApp\CyberRiskApp\CyberRiskApp.csproj]
C:\Dev\CyberRiskPlatform\CyberRiskApp\CyberRiskApp\CyberRiskApp\Controllers\AttackChainController.cs(313,43): warning CS8602: Dereference of a possibly null reference. [C:\Dev\CyberRiskPlatform\CyberRiskApp\CyberRiskApp\CyberRiskApp\CyberRiskApp.csproj]
C:\Dev\CyberRiskPlatform\CyberRiskApp\CyberRiskApp\CyberRiskApp\Services\BackupService.cs(447,27): warning CS1998: This async method lacks 'await' operators and will run synchronously. Consider using the 'await' operator to await non-blocking API calls, or 'await Task.Run(...)' to do CPU-bound work on a background thread. [C:\Dev\CyberRiskPlatform\CyberRiskApp\CyberRiskApp\CyberRiskApp\CyberRiskApp.csproj]
C:\Dev\CyberRiskPlatform\CyberRiskApp\CyberRiskApp\CyberRiskApp\Controllers\FindingClosureController.cs(250,31): warning CS8602: Dereference of a possibly null reference. [C:\Dev\CyberRiskPlatform\CyberRiskApp\CyberRiskApp\CyberRiskApp\CyberRiskApp.csproj]
C:\Dev\CyberRiskPlatform\CyberRiskApp\CyberRiskApp\CyberRiskApp\Controllers\AttackChainController.cs(354,39): warning CS8600: Converting null literal or possible null value to non-nullable type. [C:\Dev\CyberRiskPlatform\CyberRiskApp\CyberRiskApp\CyberRiskApp\CyberRiskApp.csproj]
C:\Dev\CyberRiskPlatform\CyberRiskApp\CyberRiskApp\CyberRiskApp\Controllers\AttackChainController.cs(358,31): warning CS8600: Converting null literal or possible null value to non-nullable type. [C:\Dev\CyberRiskPlatform\CyberRiskApp\CyberRiskApp\CyberRiskApp\CyberRiskApp.csproj]
C:\Dev\CyberRiskPlatform\CyberRiskApp\CyberRiskApp\CyberRiskApp\Services\BackupService.cs(646,28): warning CS1998: This async method lacks 'await' operators and will run synchronously. Consider using the 'await' operator to await non-blocking API calls, or 'await Task.Run(...)' to do CPU-bound work on a background thread. [C:\Dev\CyberRiskPlatform\CyberRiskApp\CyberRiskApp\CyberRiskApp\CyberRiskApp.csproj]
C:\Dev\CyberRiskPlatform\CyberRiskApp\CyberRiskApp\CyberRiskApp\Controllers\AttackChainController.cs(445,35): warning CS8600: Converting null literal or possible null value to non-nullable type. [C:\Dev\CyberRiskPlatform\CyberRiskApp\CyberRiskApp\CyberRiskApp\CyberRiskApp.csproj]
C:\Dev\CyberRiskPlatform\CyberRiskApp\CyberRiskApp\CyberRiskApp\Services\BackupService.cs(700,36): warning CS1998: This async method lacks 'await' operators and will run synchronously. Consider using the 'await' operator to await non-blocking API calls, or 'await Task.Run(...)' to do CPU-bound work on a background thread. [C:\Dev\CyberRiskPlatform\CyberRiskApp\CyberRiskApp\CyberRiskApp\CyberRiskApp.csproj]
C:\Dev\CyberRiskPlatform\CyberRiskApp\CyberRiskApp\CyberRiskApp\Controllers\CISOExecutiveController.cs(449,70): warning CS8602: Dereference of a possibly null reference. [C:\Dev\CyberRiskPlatform\CyberRiskApp\CyberRiskApp\CyberRiskApp\CyberRiskApp.csproj]
C:\Dev\CyberRiskPlatform\CyberRiskApp\CyberRiskApp\CyberRiskApp\Controllers\CISOExecutiveController.cs(436,36): warning CS1998: This async method lacks 'await' operators and will run synchronously. Consider using the 'await' operator to await non-blocking API calls, or 'await Task.Run(...)' to do CPU-bound work on a background thread. [C:\Dev\CyberRiskPlatform\CyberRiskApp\CyberRiskApp\CyberRiskApp\CyberRiskApp.csproj]
C:\Dev\CyberRiskPlatform\CyberRiskApp\CyberRiskApp\CyberRiskApp\Controllers\FindingsController.cs(628,55): warning CS8604: Possible null reference argument for parameter 'value' in 'ImpactLevel FindingsController.ParseImpactLevel(string value)'. [C:\Dev\CyberRiskPlatform\CyberRiskApp\CyberRiskApp\CyberRiskApp\CyberRiskApp.csproj]
C:\Dev\CyberRiskPlatform\CyberRiskApp\CyberRiskApp\CyberRiskApp\Controllers\FindingsController.cs(629,63): warning CS8604: Possible null reference argument for parameter 'value' in 'LikelihoodLevel FindingsController.ParseLikelihoodLevel(string value)'. [C:\Dev\CyberRiskPlatform\CyberRiskApp\CyberRiskApp\CyberRiskApp\CyberRiskApp.csproj]
C:\Dev\CyberRiskPlatform\CyberRiskApp\CyberRiskApp\CyberRiskApp\Controllers\FindingsController.cs(630,59): warning CS8604: Possible null reference argument for parameter 'value' in 'ExposureLevel FindingsController.ParseExposureLevel(string value)'. [C:\Dev\CyberRiskPlatform\CyberRiskApp\CyberRiskApp\CyberRiskApp\CyberRiskApp.csproj]
C:\Dev\CyberRiskPlatform\CyberRiskApp\CyberRiskApp\CyberRiskApp\Controllers\FindingsController.cs(578,43): warning CS1998: This async method lacks 'await' operators and will run synchronously. Consider using the 'await' operator to await non-blocking API calls, or 'await Task.Run(...)' to do CPU-bound work on a background thread. [C:\Dev\CyberRiskPlatform\CyberRiskApp\CyberRiskApp\CyberRiskApp\CyberRiskApp.csproj]
C:\Dev\CyberRiskPlatform\CyberRiskApp\CyberRiskApp\CyberRiskApp\Controllers\CISOExecutiveController.cs(471,36): warning CS1998: This async method lacks 'await' operators and will run synchronously. Consider using the 'await' operator to await non-blocking API calls, or 'await Task.Run(...)' to do CPU-bound work on a background thread. [C:\Dev\CyberRiskPlatform\CyberRiskApp\CyberRiskApp\CyberRiskApp\CyberRiskApp.csproj]
C:\Dev\CyberRiskPlatform\CyberRiskApp\CyberRiskApp\CyberRiskApp\Services\FrameworkSeedingService.cs(224,51): warning CS1998: This async method lacks 'await' operators and will run synchronously. Consider using the 'await' operator to await non-blocking API calls, or 'await Task.Run(...)' to do CPU-bound work on a background thread. [C:\Dev\CyberRiskPlatform\CyberRiskApp\CyberRiskApp\CyberRiskApp\CyberRiskApp.csproj]
C:\Dev\CyberRiskPlatform\CyberRiskApp\CyberRiskApp\CyberRiskApp\Controllers\AttackChainController.cs(555,35): warning CS8600: Converting null literal or possible null value to non-nullable type. [C:\Dev\CyberRiskPlatform\CyberRiskApp\CyberRiskApp\CyberRiskApp\CyberRiskApp.csproj]
C:\Dev\CyberRiskPlatform\CyberRiskApp\CyberRiskApp\CyberRiskApp\Controllers\AttackChainController.cs(631,81): warning CS8601: Possible null reference assignment. [C:\Dev\CyberRiskPlatform\CyberRiskApp\CyberRiskApp\CyberRiskApp\CyberRiskApp.csproj]
C:\Dev\CyberRiskPlatform\CyberRiskApp\CyberRiskApp\CyberRiskApp\Controllers\AttackChainController.cs(632,87): warning CS8601: Possible null reference assignment. [C:\Dev\CyberRiskPlatform\CyberRiskApp\CyberRiskApp\CyberRiskApp\CyberRiskApp.csproj]
C:\Dev\CyberRiskPlatform\CyberRiskApp\CyberRiskApp\CyberRiskApp\Controllers\AttackChainController.cs(640,61): warning CS8601: Possible null reference assignment. [C:\Dev\CyberRiskPlatform\CyberRiskApp\CyberRiskApp\CyberRiskApp\CyberRiskApp.csproj]
C:\Dev\CyberRiskPlatform\CyberRiskApp\CyberRiskApp\CyberRiskApp\Controllers\AttackChainController.cs(641,67): warning CS8601: Possible null reference assignment. [C:\Dev\CyberRiskPlatform\CyberRiskApp\CyberRiskApp\CyberRiskApp\CyberRiskApp.csproj]
C:\Dev\CyberRiskPlatform\CyberRiskApp\CyberRiskApp\CyberRiskApp\Controllers\AttackChainController.cs(656,57): warning CS8601: Possible null reference assignment. [C:\Dev\CyberRiskPlatform\CyberRiskApp\CyberRiskApp\CyberRiskApp\CyberRiskApp.csproj]
C:\Dev\CyberRiskPlatform\CyberRiskApp\CyberRiskApp\CyberRiskApp\Controllers\AttackChainController.cs(657,63): warning CS8601: Possible null reference assignment. [C:\Dev\CyberRiskPlatform\CyberRiskApp\CyberRiskApp\CyberRiskApp\CyberRiskApp.csproj]
C:\Dev\CyberRiskPlatform\CyberRiskApp\CyberRiskApp\CyberRiskApp\Controllers\AttackChainController.cs(684,79): warning CS8601: Possible null reference assignment. [C:\Dev\CyberRiskPlatform\CyberRiskApp\CyberRiskApp\CyberRiskApp\CyberRiskApp.csproj]
C:\Dev\CyberRiskPlatform\CyberRiskApp\CyberRiskApp\CyberRiskApp\Controllers\AttackChainController.cs(685,85): warning CS8601: Possible null reference assignment. [C:\Dev\CyberRiskPlatform\CyberRiskApp\CyberRiskApp\CyberRiskApp\CyberRiskApp.csproj]
C:\Dev\CyberRiskPlatform\CyberRiskApp\CyberRiskApp\CyberRiskApp\Controllers\AttackChainController.cs(693,61): warning CS8601: Possible null reference assignment. [C:\Dev\CyberRiskPlatform\CyberRiskApp\CyberRiskApp\CyberRiskApp\CyberRiskApp.csproj]
C:\Dev\CyberRiskPlatform\CyberRiskApp\CyberRiskApp\CyberRiskApp\Controllers\AttackChainController.cs(694,67): warning CS8601: Possible null reference assignment. [C:\Dev\CyberRiskPlatform\CyberRiskApp\CyberRiskApp\CyberRiskApp\CyberRiskApp.csproj]
C:\Dev\CyberRiskPlatform\CyberRiskApp\CyberRiskApp\CyberRiskApp\Services\FrameworkSeedingService.cs(284,53): warning CS1998: This async method lacks 'await' operators and will run synchronously. Consider using the 'await' operator to await non-blocking API calls, or 'await Task.Run(...)' to do CPU-bound work on a background thread. [C:\Dev\CyberRiskPlatform\CyberRiskApp\CyberRiskApp\CyberRiskApp\CyberRiskApp.csproj]
C:\Dev\CyberRiskPlatform\CyberRiskApp\CyberRiskApp\CyberRiskApp\Controllers\AttackChainController.cs(817,35): warning CS8600: Converting null literal or possible null value to non-nullable type. [C:\Dev\CyberRiskPlatform\CyberRiskApp\CyberRiskApp\CyberRiskApp\CyberRiskApp.csproj]
C:\Dev\CyberRiskPlatform\CyberRiskApp\CyberRiskApp\CyberRiskApp\Controllers\AttackChainController.cs(939,35): warning CS8600: Converting null literal or possible null value to non-nullable type. [C:\Dev\CyberRiskPlatform\CyberRiskApp\CyberRiskApp\CyberRiskApp\CyberRiskApp.csproj]
C:\Dev\CyberRiskPlatform\CyberRiskApp\CyberRiskApp\CyberRiskApp\Controllers\TechnicalControlMappingController.cs(31,102): warning CS8604: Possible null reference argument for parameter 'framework' in 'Task<IEnumerable<TechnicalControlMappingViewModel>> ITechnicalControlMappingService.SearchMappingsAsync(string searchTerm, string framework = null)'. [C:\Dev\CyberRiskPlatform\CyberRiskApp\CyberRiskApp\CyberRiskApp\CyberRiskApp.csproj]
C:\Dev\CyberRiskPlatform\CyberRiskApp\CyberRiskApp\CyberRiskApp\Services\DomainService.cs(354,37): warning CS8601: Possible null reference assignment. [C:\Dev\CyberRiskPlatform\CyberRiskApp\CyberRiskApp\CyberRiskApp\CyberRiskApp.csproj]
C:\Dev\CyberRiskPlatform\CyberRiskApp\CyberRiskApp\CyberRiskApp\Controllers\TechnicalControlMappingController.cs(99,42): warning CS1998: This async method lacks 'await' operators and will run synchronously. Consider using the 'await' operator to await non-blocking API calls, or 'await Task.Run(...)' to do CPU-bound work on a background thread. [C:\Dev\CyberRiskPlatform\CyberRiskApp\CyberRiskApp\CyberRiskApp\CyberRiskApp.csproj]
C:\Dev\CyberRiskPlatform\CyberRiskApp\CyberRiskApp\CyberRiskApp\Controllers\AttackChainController.cs(1005,128): warning CS8602: Dereference of a possibly null reference. [C:\Dev\CyberRiskPlatform\CyberRiskApp\CyberRiskApp\CyberRiskApp\CyberRiskApp.csproj]
C:\Dev\CyberRiskPlatform\CyberRiskApp\CyberRiskApp\CyberRiskApp\Controllers\AttackChainController.cs(1019,35): warning CS8600: Converting null literal or possible null value to non-nullable type. [C:\Dev\CyberRiskPlatform\CyberRiskApp\CyberRiskApp\CyberRiskApp\CyberRiskApp.csproj]
C:\Dev\CyberRiskPlatform\CyberRiskApp\CyberRiskApp\CyberRiskApp\Controllers\TechnicalControlMappingController.cs(212,112): warning CS8604: Possible null reference argument for parameter 'framework' in 'Task<IEnumerable<ComplianceControlInfo>> ITechnicalControlMappingService.SearchComplianceControlsAsync(string searchTerm, string framework = null)'. [C:\Dev\CyberRiskPlatform\CyberRiskApp\CyberRiskApp\CyberRiskApp\CyberRiskApp.csproj]
C:\Dev\CyberRiskPlatform\CyberRiskApp\CyberRiskApp\CyberRiskApp\Controllers\CISOExecutiveController.cs(670,42): warning CS1998: This async method lacks 'await' operators and will run synchronously. Consider using the 'await' operator to await non-blocking API calls, or 'await Task.Run(...)' to do CPU-bound work on a background thread. [C:\Dev\CyberRiskPlatform\CyberRiskApp\CyberRiskApp\CyberRiskApp\CyberRiskApp.csproj]
C:\Dev\CyberRiskPlatform\CyberRiskApp\CyberRiskApp\CyberRiskApp\Controllers\CISOExecutiveController.cs(687,36): warning CS1998: This async method lacks 'await' operators and will run synchronously. Consider using the 'await' operator to await non-blocking API calls, or 'await Task.Run(...)' to do CPU-bound work on a background thread. [C:\Dev\CyberRiskPlatform\CyberRiskApp\CyberRiskApp\CyberRiskApp\CyberRiskApp.csproj]
C:\Dev\CyberRiskPlatform\CyberRiskApp\CyberRiskApp\CyberRiskApp\Controllers\AttackChainController.cs(1184,47): warning CS8602: Dereference of a possibly null reference. [C:\Dev\CyberRiskPlatform\CyberRiskApp\CyberRiskApp\CyberRiskApp\CyberRiskApp.csproj]
C:\Dev\CyberRiskPlatform\CyberRiskApp\CyberRiskApp\CyberRiskApp\Controllers\AttackChainController.cs(1288,47): warning CS8602: Dereference of a possibly null reference. [C:\Dev\CyberRiskPlatform\CyberRiskApp\CyberRiskApp\CyberRiskApp\CyberRiskApp.csproj]
C:\Dev\CyberRiskPlatform\CyberRiskApp\CyberRiskApp\CyberRiskApp\Controllers\AttackChainController.cs(1317,32): warning CS8602: Dereference of a possibly null reference. [C:\Dev\CyberRiskPlatform\CyberRiskApp\CyberRiskApp\CyberRiskApp\CyberRiskApp.csproj]
C:\Dev\CyberRiskPlatform\CyberRiskApp\CyberRiskApp\CyberRiskApp\Controllers\StrategyController.cs(96,33): warning CS8602: Dereference of a possibly null reference. [C:\Dev\CyberRiskPlatform\CyberRiskApp\CyberRiskApp\CyberRiskApp\CyberRiskApp.csproj]
C:\Dev\CyberRiskPlatform\CyberRiskApp\CyberRiskApp\CyberRiskApp\Controllers\StrategyController.cs(97,47): warning CS8602: Dereference of a possibly null reference. [C:\Dev\CyberRiskPlatform\CyberRiskApp\CyberRiskApp\CyberRiskApp\CyberRiskApp.csproj]
C:\Dev\CyberRiskPlatform\CyberRiskApp\CyberRiskApp\CyberRiskApp\Controllers\CISOExecutiveController.cs(835,52): warning CS8629: Nullable value type may be null. [C:\Dev\CyberRiskPlatform\CyberRiskApp\CyberRiskApp\CyberRiskApp\CyberRiskApp.csproj]
C:\Dev\CyberRiskPlatform\CyberRiskApp\CyberRiskApp\CyberRiskApp\Controllers\AttackChainController.cs(1421,47): warning CS8625: Cannot convert null literal to non-nullable reference type. [C:\Dev\CyberRiskPlatform\CyberRiskApp\CyberRiskApp\CyberRiskApp\CyberRiskApp.csproj]
C:\Dev\CyberRiskPlatform\CyberRiskApp\CyberRiskApp\CyberRiskApp\Controllers\AttackChainController.cs(1428,45): warning CS8625: Cannot convert null literal to non-nullable reference type. [C:\Dev\CyberRiskPlatform\CyberRiskApp\CyberRiskApp\CyberRiskApp\CyberRiskApp.csproj]
C:\Dev\CyberRiskPlatform\CyberRiskApp\CyberRiskApp\CyberRiskApp\Controllers\AttackChainController.cs(1481,40): warning CS8601: Possible null reference assignment. [C:\Dev\CyberRiskPlatform\CyberRiskApp\CyberRiskApp\CyberRiskApp\CyberRiskApp.csproj]
C:\Dev\CyberRiskPlatform\CyberRiskApp\CyberRiskApp\CyberRiskApp\Controllers\AttackChainController.cs(1482,54): warning CS8601: Possible null reference assignment. [C:\Dev\CyberRiskPlatform\CyberRiskApp\CyberRiskApp\CyberRiskApp\CyberRiskApp.csproj]
C:\Dev\CyberRiskPlatform\CyberRiskApp\CyberRiskApp\CyberRiskApp\Controllers\AttackChainController.cs(1522,28): warning CS1998: This async method lacks 'await' operators and will run synchronously. Consider using the 'await' operator to await non-blocking API calls, or 'await Task.Run(...)' to do CPU-bound work on a background thread. [C:\Dev\CyberRiskPlatform\CyberRiskApp\CyberRiskApp\CyberRiskApp\CyberRiskApp.csproj]
C:\Dev\CyberRiskPlatform\CyberRiskApp\CyberRiskApp\CyberRiskApp\Controllers\AttackChainController.cs(1690,37): warning CS8602: Dereference of a possibly null reference. [C:\Dev\CyberRiskPlatform\CyberRiskApp\CyberRiskApp\CyberRiskApp\CyberRiskApp.csproj]
C:\Dev\CyberRiskPlatform\CyberRiskApp\CyberRiskApp\CyberRiskApp\Views\ThreatModeling\LockheedTechniqueMapper.cshtml(17,113): warning CS8602: Dereference of a possibly null reference. [C:\Dev\CyberRiskPlatform\CyberRiskApp\CyberRiskApp\CyberRiskApp\CyberRiskApp.csproj]
C:\Dev\CyberRiskPlatform\CyberRiskApp\CyberRiskApp\CyberRiskApp\Views\ThreatModeling\LockheedTechniqueMapper.cshtml(17,96): warning CS8602: Dereference of a possibly null reference. [C:\Dev\CyberRiskPlatform\CyberRiskApp\CyberRiskApp\CyberRiskApp\CyberRiskApp.csproj]
C:\Dev\CyberRiskPlatform\CyberRiskApp\CyberRiskApp\CyberRiskApp\Views\ThreatModeling\Analytics.cshtml(287,58): warning CS8602: Dereference of a possibly null reference. [C:\Dev\CyberRiskPlatform\CyberRiskApp\CyberRiskApp\CyberRiskApp\CyberRiskApp.csproj]
C:\Dev\CyberRiskPlatform\CyberRiskApp\CyberRiskApp\CyberRiskApp\Views\ThreatModeling\Analytics.cshtml(344,58): warning CS8602: Dereference of a possibly null reference. [C:\Dev\CyberRiskPlatform\CyberRiskApp\CyberRiskApp\CyberRiskApp\CyberRiskApp.csproj]
C:\Dev\CyberRiskPlatform\CyberRiskApp\CyberRiskApp\CyberRiskApp\Views\Strategy\Index.cshtml(97,46): warning CS8602: Dereference of a possibly null reference. [C:\Dev\CyberRiskPlatform\CyberRiskApp\CyberRiskApp\CyberRiskApp\CyberRiskApp.csproj]
C:\Dev\CyberRiskPlatform\CyberRiskApp\CyberRiskApp\CyberRiskApp\Views\TechnicalControlMapping\Index.cshtml(36,51): warning CS8602: Dereference of a possibly null reference. [C:\Dev\CyberRiskPlatform\CyberRiskApp\CyberRiskApp\CyberRiskApp\CyberRiskApp.csproj]
C:\Dev\CyberRiskPlatform\CyberRiskApp\CyberRiskApp\CyberRiskApp\Controllers\RisksController.cs(363,35): warning CS8602: Dereference of a possibly null reference. [C:\Dev\CyberRiskPlatform\CyberRiskApp\CyberRiskApp\CyberRiskApp\CyberRiskApp.csproj]
C:\Dev\CyberRiskPlatform\CyberRiskApp\CyberRiskApp\CyberRiskApp\Views\Strategy\Details.cshtml(72,34): warning CS8602: Dereference of a possibly null reference. [C:\Dev\CyberRiskPlatform\CyberRiskApp\CyberRiskApp\CyberRiskApp\CyberRiskApp.csproj]
C:\Dev\CyberRiskPlatform\CyberRiskApp\CyberRiskApp\CyberRiskApp\Views\Shared\EditorTemplates\SmartCombobox.cshtml(5,57): warning CS8605: Unboxing a possibly null value. [C:\Dev\CyberRiskPlatform\CyberRiskApp\CyberRiskApp\CyberRiskApp\CyberRiskApp.csproj]
C:\Dev\CyberRiskPlatform\CyberRiskApp\CyberRiskApp\CyberRiskApp\Views\Shared\EditorTemplates\SmartCombobox.cshtml(6,55): warning CS8605: Unboxing a possibly null value. [C:\Dev\CyberRiskPlatform\CyberRiskApp\CyberRiskApp\CyberRiskApp\CyberRiskApp.csproj]
C:\Dev\CyberRiskPlatform\CyberRiskApp\CyberRiskApp\CyberRiskApp\Controllers\RiskMatrixController.cs(355,30): warning CS8602: Dereference of a possibly null reference. [C:\Dev\CyberRiskPlatform\CyberRiskApp\CyberRiskApp\CyberRiskApp\CyberRiskApp.csproj]
C:\Dev\CyberRiskPlatform\CyberRiskApp\CyberRiskApp\CyberRiskApp\Controllers\RiskLevelSettingsController.cs(50,28): warning CS8600: Converting null literal or possible null value to non-nullable type. [C:\Dev\CyberRiskPlatform\CyberRiskApp\CyberRiskApp\CyberRiskApp\CyberRiskApp.csproj]
C:\Dev\CyberRiskPlatform\CyberRiskApp\CyberRiskApp\CyberRiskApp\Controllers\RiskLevelSettingsController.cs(218,30): warning CS0168: The variable 'ex' is declared but never used [C:\Dev\CyberRiskPlatform\CyberRiskApp\CyberRiskApp\CyberRiskApp\CyberRiskApp.csproj]
C:\Dev\CyberRiskPlatform\CyberRiskApp\CyberRiskApp\CyberRiskApp\Controllers\RiskLevelSettingsController.cs(229,42): warning CS1998: This async method lacks 'await' operators and will run synchronously. Consider using the 'await' operator to await non-blocking API calls, or 'await Task.Run(...)' to do CPU-bound work on a background thread. [C:\Dev\CyberRiskPlatform\CyberRiskApp\CyberRiskApp\CyberRiskApp\CyberRiskApp.csproj]
C:\Dev\CyberRiskPlatform\CyberRiskApp\CyberRiskApp\CyberRiskApp\Views\Requests\CreateAcceptance.cshtml(73,70): warning CS8602: Dereference of a possibly null reference. [C:\Dev\CyberRiskPlatform\CyberRiskApp\CyberRiskApp\CyberRiskApp\CyberRiskApp.csproj]
C:\Dev\CyberRiskPlatform\CyberRiskApp\CyberRiskApp\CyberRiskApp\Views\Requests\CreateAcceptance.cshtml(89,67): warning CS8602: Dereference of a possibly null reference. [C:\Dev\CyberRiskPlatform\CyberRiskApp\CyberRiskApp\CyberRiskApp\CyberRiskApp.csproj]
C:\Dev\CyberRiskPlatform\CyberRiskApp\CyberRiskApp\CyberRiskApp\Views\Requests\CreateAcceptance.cshtml(196,38): warning CS8602: Dereference of a possibly null reference. [C:\Dev\CyberRiskPlatform\CyberRiskApp\CyberRiskApp\CyberRiskApp\CyberRiskApp.csproj]
C:\Dev\CyberRiskPlatform\CyberRiskApp\CyberRiskApp\CyberRiskApp\Views\Requests\CreateAcceptance.cshtml(207,35): warning CS8602: Dereference of a possibly null reference. [C:\Dev\CyberRiskPlatform\CyberRiskApp\CyberRiskApp\CyberRiskApp\CyberRiskApp.csproj]
C:\Dev\CyberRiskPlatform\CyberRiskApp\CyberRiskApp\CyberRiskApp\Views\Requests\Assign.cshtml(120,63): warning CS8602: Dereference of a possibly null reference. [C:\Dev\CyberRiskPlatform\CyberRiskApp\CyberRiskApp\CyberRiskApp\CyberRiskApp.csproj]
C:\Dev\CyberRiskPlatform\CyberRiskApp\CyberRiskApp\CyberRiskApp\Views\RiskAssessments\CreateQualitative.cshtml(96,69): warning CS8602: Dereference of a possibly null reference. [C:\Dev\CyberRiskPlatform\CyberRiskApp\CyberRiskApp\CyberRiskApp\CyberRiskApp.csproj]
C:\Dev\CyberRiskPlatform\CyberRiskApp\CyberRiskApp\CyberRiskApp\Views\RiskAssessments\Edit.cshtml(94,69): warning CS8602: Dereference of a possibly null reference. [C:\Dev\CyberRiskPlatform\CyberRiskApp\CyberRiskApp\CyberRiskApp\CyberRiskApp.csproj]
C:\Dev\CyberRiskPlatform\CyberRiskApp\CyberRiskApp\CyberRiskApp\Services\StrategyPlanningService.cs(438,63): warning CS1998: This async method lacks 'await' operators and will run synchronously. Consider using the 'await' operator to await non-blocking API calls, or 'await Task.Run(...)' to do CPU-bound work on a background thread. [C:\Dev\CyberRiskPlatform\CyberRiskApp\CyberRiskApp\CyberRiskApp\CyberRiskApp.csproj]
C:\Dev\CyberRiskPlatform\CyberRiskApp\CyberRiskApp\CyberRiskApp\Services\StrategyPlanningService.cs(468,33): warning CS1998: This async method lacks 'await' operators and will run synchronously. Consider using the 'await' operator to await non-blocking API calls, or 'await Task.Run(...)' to do CPU-bound work on a background thread. [C:\Dev\CyberRiskPlatform\CyberRiskApp\CyberRiskApp\CyberRiskApp\CyberRiskApp.csproj]
C:\Dev\CyberRiskPlatform\CyberRiskApp\CyberRiskApp\CyberRiskApp\Controllers\RiskAssessmentsController.cs(259,21): warning CS8602: Dereference of a possibly null reference. [C:\Dev\CyberRiskPlatform\CyberRiskApp\CyberRiskApp\CyberRiskApp\CyberRiskApp.csproj]
C:\Dev\CyberRiskPlatform\CyberRiskApp\CyberRiskApp\CyberRiskApp\Controllers\RiskAssessmentsController.cs(286,21): warning CS8602: Dereference of a possibly null reference. [C:\Dev\CyberRiskPlatform\CyberRiskApp\CyberRiskApp\CyberRiskApp\CyberRiskApp.csproj]
C:\Dev\CyberRiskPlatform\CyberRiskApp\CyberRiskApp\CyberRiskApp\Controllers\RiskAssessmentsController.cs(383,29): warning CS8602: Dereference of a possibly null reference. [C:\Dev\CyberRiskPlatform\CyberRiskApp\CyberRiskApp\CyberRiskApp\CyberRiskApp.csproj]
C:\Dev\CyberRiskPlatform\CyberRiskApp\CyberRiskApp\CyberRiskApp\Services\SSLService.cs(57,17): warning CS8602: Dereference of a possibly null reference. [C:\Dev\CyberRiskPlatform\CyberRiskApp\CyberRiskApp\CyberRiskApp\CyberRiskApp.csproj]
C:\Dev\CyberRiskPlatform\CyberRiskApp\CyberRiskApp\CyberRiskApp\Views\MaturityAssessments\BulkView.cshtml(28,54): warning CS8602: Dereference of a possibly null reference. [C:\Dev\CyberRiskPlatform\CyberRiskApp\CyberRiskApp\CyberRiskApp\CyberRiskApp.csproj]
C:\Dev\CyberRiskPlatform\CyberRiskApp\CyberRiskApp\CyberRiskApp\Views\MaturityAssessments\BulkView.cshtml(31,57): warning CS8602: Dereference of a possibly null reference. [C:\Dev\CyberRiskPlatform\CyberRiskApp\CyberRiskApp\CyberRiskApp\CyberRiskApp.csproj]
C:\Dev\CyberRiskPlatform\CyberRiskApp\CyberRiskApp\CyberRiskApp\Services\SSLService.cs(65,81): warning CS1998: This async method lacks 'await' operators and will run synchronously. Consider using the 'await' operator to await non-blocking API calls, or 'await Task.Run(...)' to do CPU-bound work on a background thread. [C:\Dev\CyberRiskPlatform\CyberRiskApp\CyberRiskApp\CyberRiskApp\CyberRiskApp.csproj]
C:\Dev\CyberRiskPlatform\CyberRiskApp\CyberRiskApp\CyberRiskApp\Services\SSLService.cs(349,47): warning CS8602: Dereference of a possibly null reference. [C:\Dev\CyberRiskPlatform\CyberRiskApp\CyberRiskApp\CyberRiskApp\CyberRiskApp.csproj]
C:\Dev\CyberRiskPlatform\CyberRiskApp\CyberRiskApp\CyberRiskApp\Controllers\RiskAssessmentsController.cs(688,29): warning CS8602: Dereference of a possibly null reference. [C:\Dev\CyberRiskPlatform\CyberRiskApp\CyberRiskApp\CyberRiskApp\CyberRiskApp.csproj]
C:\Dev\CyberRiskPlatform\CyberRiskApp\CyberRiskApp\CyberRiskApp\Services\RiskService.cs(34,39): warning CS8602: Dereference of a possibly null reference. [C:\Dev\CyberRiskPlatform\CyberRiskApp\CyberRiskApp\CyberRiskApp\CyberRiskApp.csproj]
C:\Dev\CyberRiskPlatform\CyberRiskApp\CyberRiskApp\CyberRiskApp\Views\FindingClosure\Review.cshtml(47,43): warning CS8602: Dereference of a possibly null reference. [C:\Dev\CyberRiskPlatform\CyberRiskApp\CyberRiskApp\CyberRiskApp\CyberRiskApp.csproj]
C:\Dev\CyberRiskPlatform\CyberRiskApp\CyberRiskApp\CyberRiskApp\Views\Governance\Index.cshtml(197,50): warning CS8602: Dereference of a possibly null reference. [C:\Dev\CyberRiskPlatform\CyberRiskApp\CyberRiskApp\CyberRiskApp\CyberRiskApp.csproj]
C:\Dev\CyberRiskPlatform\CyberRiskApp\CyberRiskApp\CyberRiskApp\Views\Governance\Index.cshtml(197,79): warning CS8602: Dereference of a possibly null reference. [C:\Dev\CyberRiskPlatform\CyberRiskApp\CyberRiskApp\CyberRiskApp\CyberRiskApp.csproj]
C:\Dev\CyberRiskPlatform\CyberRiskApp\CyberRiskApp\CyberRiskApp\Views\Governance\Index.cshtml(243,50): warning CS8602: Dereference of a possibly null reference. [C:\Dev\CyberRiskPlatform\CyberRiskApp\CyberRiskApp\CyberRiskApp\CyberRiskApp.csproj]
C:\Dev\CyberRiskPlatform\CyberRiskApp\CyberRiskApp\CyberRiskApp\Views\Governance\Index.cshtml(243,79): warning CS8602: Dereference of a possibly null reference. [C:\Dev\CyberRiskPlatform\CyberRiskApp\CyberRiskApp\CyberRiskApp\CyberRiskApp.csproj]
C:\Dev\CyberRiskPlatform\CyberRiskApp\CyberRiskApp\CyberRiskApp\Views\Governance\Index.cshtml(291,69): warning CS8602: Dereference of a possibly null reference. [C:\Dev\CyberRiskPlatform\CyberRiskApp\CyberRiskApp\CyberRiskApp\CyberRiskApp.csproj]
C:\Dev\CyberRiskPlatform\CyberRiskApp\CyberRiskApp\CyberRiskApp\Views\Governance\Index.cshtml(292,69): warning CS8602: Dereference of a possibly null reference. [C:\Dev\CyberRiskPlatform\CyberRiskApp\CyberRiskApp\CyberRiskApp\CyberRiskApp.csproj]
C:\Dev\CyberRiskPlatform\CyberRiskApp\CyberRiskApp\CyberRiskApp\Views\FindingClosure\Details.cshtml(29,52): warning CS8602: Dereference of a possibly null reference. [C:\Dev\CyberRiskPlatform\CyberRiskApp\CyberRiskApp\CyberRiskApp\CyberRiskApp.csproj]
C:\Dev\CyberRiskPlatform\CyberRiskApp\CyberRiskApp\CyberRiskApp\Views\Database\Index.cshtml(113,73): warning CS8602: Dereference of a possibly null reference. [C:\Dev\CyberRiskPlatform\CyberRiskApp\CyberRiskApp\CyberRiskApp\CyberRiskApp.csproj]
C:\Dev\CyberRiskPlatform\CyberRiskApp\CyberRiskApp\CyberRiskApp\Views\FindingClosure\Complete.cshtml(56,43): warning CS8602: Dereference of a possibly null reference. [C:\Dev\CyberRiskPlatform\CyberRiskApp\CyberRiskApp\CyberRiskApp\CyberRiskApp.csproj]
C:\Dev\CyberRiskPlatform\CyberRiskApp\CyberRiskApp\CyberRiskApp\Views\Findings\RequestRiskAcceptance.cshtml(99,60): warning CS8602: Dereference of a possibly null reference. [C:\Dev\CyberRiskPlatform\CyberRiskApp\CyberRiskApp\CyberRiskApp\CyberRiskApp.csproj]
C:\Dev\CyberRiskPlatform\CyberRiskApp\CyberRiskApp\CyberRiskApp\Views\Findings\RequestRiskAcceptance.cshtml(123,60): warning CS8602: Dereference of a possibly null reference. [C:\Dev\CyberRiskPlatform\CyberRiskApp\CyberRiskApp\CyberRiskApp\CyberRiskApp.csproj]
C:\Dev\CyberRiskPlatform\CyberRiskApp\CyberRiskApp\CyberRiskApp\Views\ComplianceAssessments\Index.cshtml(45,66): warning CS8602: Dereference of a possibly null reference. [C:\Dev\CyberRiskPlatform\CyberRiskApp\CyberRiskApp\CyberRiskApp\CyberRiskApp.csproj]
C:\Dev\CyberRiskPlatform\CyberRiskApp\CyberRiskApp\CyberRiskApp\Views\ComplianceAssessments\Index.cshtml(48,38): warning CS8602: Dereference of a possibly null reference. [C:\Dev\CyberRiskPlatform\CyberRiskApp\CyberRiskApp\CyberRiskApp\CyberRiskApp.csproj]
C:\Dev\CyberRiskPlatform\CyberRiskApp\CyberRiskApp\CyberRiskApp\Controllers\RiskAssessmentsController.cs(1092,30): warning CS0168: The variable 'ex' is declared but never used [C:\Dev\CyberRiskPlatform\CyberRiskApp\CyberRiskApp\CyberRiskApp\CyberRiskApp.csproj]
C:\Dev\CyberRiskPlatform\CyberRiskApp\CyberRiskApp\CyberRiskApp\Views\ComplianceAssessments\BulkView.cshtml(12,59): warning CS8602: Dereference of a possibly null reference. [C:\Dev\CyberRiskPlatform\CyberRiskApp\CyberRiskApp\CyberRiskApp\CyberRiskApp.csproj]
C:\Dev\CyberRiskPlatform\CyberRiskApp\CyberRiskApp\CyberRiskApp\Views\DomainManagement\Index.cshtml(84,47): warning CS8602: Dereference of a possibly null reference. [C:\Dev\CyberRiskPlatform\CyberRiskApp\CyberRiskApp\CyberRiskApp\CyberRiskApp.csproj]
C:\Dev\CyberRiskPlatform\CyberRiskApp\CyberRiskApp\CyberRiskApp\Views\ComplianceAssessments\Details.cshtml(12,44): warning CS8602: Dereference of a possibly null reference. [C:\Dev\CyberRiskPlatform\CyberRiskApp\CyberRiskApp\CyberRiskApp\CyberRiskApp.csproj]
C:\Dev\CyberRiskPlatform\CyberRiskApp\CyberRiskApp\CyberRiskApp\Views\ComplianceAssessments\Details.cshtml(12,68): warning CS8602: Dereference of a possibly null reference. [C:\Dev\CyberRiskPlatform\CyberRiskApp\CyberRiskApp\CyberRiskApp\CyberRiskApp.csproj]
C:\Dev\CyberRiskPlatform\CyberRiskApp\CyberRiskApp\CyberRiskApp\Views\AttackChain\FlowchartDesigner.cshtml(85,72): warning CS8600: Converting null literal or possible null value to non-nullable type. [C:\Dev\CyberRiskPlatform\CyberRiskApp\CyberRiskApp\CyberRiskApp\CyberRiskApp.csproj]
C:\Dev\CyberRiskPlatform\CyberRiskApp\CyberRiskApp\CyberRiskApp\Views\AttackChain\FlowchartDesigner.cshtml(85,72): warning CS8602: Dereference of a possibly null reference. [C:\Dev\CyberRiskPlatform\CyberRiskApp\CyberRiskApp\CyberRiskApp\CyberRiskApp.csproj]
C:\Dev\CyberRiskPlatform\CyberRiskApp\CyberRiskApp\CyberRiskApp\Views\AttackChain\FlowchartDesigner.cshtml(193,76): warning CS8600: Converting null literal or possible null value to non-nullable type. [C:\Dev\CyberRiskPlatform\CyberRiskApp\CyberRiskApp\CyberRiskApp\CyberRiskApp.csproj]
C:\Dev\CyberRiskPlatform\CyberRiskApp\CyberRiskApp\CyberRiskApp\Views\AttackChain\FlowchartDesigner.cshtml(193,76): warning CS8602: Dereference of a possibly null reference. [C:\Dev\CyberRiskPlatform\CyberRiskApp\CyberRiskApp\CyberRiskApp\CyberRiskApp.csproj]
C:\Dev\CyberRiskPlatform\CyberRiskApp\CyberRiskApp\CyberRiskApp\Views\AttackChain\FlowchartDesigner.cshtml(287,72): warning CS8600: Converting null literal or possible null value to non-nullable type. [C:\Dev\CyberRiskPlatform\CyberRiskApp\CyberRiskApp\CyberRiskApp\CyberRiskApp.csproj]
C:\Dev\CyberRiskPlatform\CyberRiskApp\CyberRiskApp\CyberRiskApp\Views\AttackChain\FlowchartDesigner.cshtml(287,72): warning CS8602: Dereference of a possibly null reference. [C:\Dev\CyberRiskPlatform\CyberRiskApp\CyberRiskApp\CyberRiskApp\CyberRiskApp.csproj]
C:\Dev\CyberRiskPlatform\CyberRiskApp\CyberRiskApp\CyberRiskApp\Controllers\RequestManagementController.cs(89,109): warning CS8602: Dereference of a possibly null reference. [C:\Dev\CyberRiskPlatform\CyberRiskApp\CyberRiskApp\CyberRiskApp\CyberRiskApp.csproj]
C:\Dev\CyberRiskPlatform\CyberRiskApp\CyberRiskApp\CyberRiskApp\Services\RiskLevelSettingsService.cs(265,17): warning CS0162: Unreachable code detected [C:\Dev\CyberRiskPlatform\CyberRiskApp\CyberRiskApp\CyberRiskApp\CyberRiskApp.csproj]
C:\Dev\CyberRiskPlatform\CyberRiskApp\CyberRiskApp\CyberRiskApp\Controllers\RequestManagementController.cs(151,114): warning CS8602: Dereference of a possibly null reference. [C:\Dev\CyberRiskPlatform\CyberRiskApp\CyberRiskApp\CyberRiskApp\CyberRiskApp.csproj]
C:\Dev\CyberRiskPlatform\CyberRiskApp\CyberRiskApp\CyberRiskApp\Controllers\RequestManagementController.cs(212,114): warning CS8602: Dereference of a possibly null reference. [C:\Dev\CyberRiskPlatform\CyberRiskApp\CyberRiskApp\CyberRiskApp\CyberRiskApp.csproj]
C:\Dev\CyberRiskPlatform\CyberRiskApp\CyberRiskApp\CyberRiskApp\Services\RiskBacklogService.cs(52,39): warning CS8602: Dereference of a possibly null reference. [C:\Dev\CyberRiskPlatform\CyberRiskApp\CyberRiskApp\CyberRiskApp\CyberRiskApp.csproj]
C:\Dev\CyberRiskPlatform\CyberRiskApp\CyberRiskApp\CyberRiskApp\Services\RiskBacklogService.cs(54,39): warning CS8602: Dereference of a possibly null reference. [C:\Dev\CyberRiskPlatform\CyberRiskApp\CyberRiskApp\CyberRiskApp\CyberRiskApp.csproj]
C:\Dev\CyberRiskPlatform\CyberRiskApp\CyberRiskApp\CyberRiskApp\Services\GovernanceService.cs(246,43): warning CS8602: Dereference of a possibly null reference. [C:\Dev\CyberRiskPlatform\CyberRiskApp\CyberRiskApp\CyberRiskApp\CyberRiskApp.csproj]
C:\Dev\CyberRiskPlatform\CyberRiskApp\CyberRiskApp\CyberRiskApp\Controllers\LossEventController.cs(261,28): warning CS1998: This async method lacks 'await' operators and will run synchronously. Consider using the 'await' operator to await non-blocking API calls, or 'await Task.Run(...)' to do CPU-bound work on a background thread. [C:\Dev\CyberRiskPlatform\CyberRiskApp\CyberRiskApp\CyberRiskApp\CyberRiskApp.csproj]
C:\Dev\CyberRiskPlatform\CyberRiskApp\CyberRiskApp\CyberRiskApp\Controllers\MaturityFrameworksController.cs(351,76): warning CS8604: Possible null reference argument for parameter 'mil' in 'ControlPriority MaturityFrameworksController.DeterminePriorityFromC2M2Domain(string domain, string mil)'. [C:\Dev\CyberRiskPlatform\CyberRiskApp\CyberRiskApp\CyberRiskApp\CyberRiskApp.csproj]
C:\Dev\CyberRiskPlatform\CyberRiskApp\CyberRiskApp\CyberRiskApp\Services\RiskBacklogService.cs(339,39): warning CS8602: Dereference of a possibly null reference. [C:\Dev\CyberRiskPlatform\CyberRiskApp\CyberRiskApp\CyberRiskApp\CyberRiskApp.csproj]
C:\Dev\CyberRiskPlatform\CyberRiskApp\CyberRiskApp\CyberRiskApp\Services\RiskBacklogService.cs(341,39): warning CS8602: Dereference of a possibly null reference. [C:\Dev\CyberRiskPlatform\CyberRiskApp\CyberRiskApp\CyberRiskApp\CyberRiskApp.csproj]
C:\Dev\CyberRiskPlatform\CyberRiskApp\CyberRiskApp\CyberRiskApp\Services\IAuditService.cs(67,33): warning CS1998: This async method lacks 'await' operators and will run synchronously. Consider using the 'await' operator to await non-blocking API calls, or 'await Task.Run(...)' to do CPU-bound work on a background thread. [C:\Dev\CyberRiskPlatform\CyberRiskApp\CyberRiskApp\CyberRiskApp\CyberRiskApp.csproj]
C:\Dev\CyberRiskPlatform\CyberRiskApp\CyberRiskApp\CyberRiskApp\Services\PdfExportService.cs(34,35): warning CS1998: This async method lacks 'await' operators and will run synchronously. Consider using the 'await' operator to await non-blocking API calls, or 'await Task.Run(...)' to do CPU-bound work on a background thread. [C:\Dev\CyberRiskPlatform\CyberRiskApp\CyberRiskApp\CyberRiskApp\CyberRiskApp.csproj]
C:\Dev\CyberRiskPlatform\CyberRiskApp\CyberRiskApp\CyberRiskApp\Services\PdfExportService.cs(75,35): warning CS1998: This async method lacks 'await' operators and will run synchronously. Consider using the 'await' operator to await non-blocking API calls, or 'await Task.Run(...)' to do CPU-bound work on a background thread. [C:\Dev\CyberRiskPlatform\CyberRiskApp\CyberRiskApp\CyberRiskApp\CyberRiskApp.csproj]
C:\Dev\CyberRiskPlatform\CyberRiskApp\CyberRiskApp\CyberRiskApp\Services\PdfExportService.cs(132,35): warning CS1998: This async method lacks 'await' operators and will run synchronously. Consider using the 'await' operator to await non-blocking API calls, or 'await Task.Run(...)' to do CPU-bound work on a background thread. [C:\Dev\CyberRiskPlatform\CyberRiskApp\CyberRiskApp\CyberRiskApp\CyberRiskApp.csproj]
C:\Dev\CyberRiskPlatform\CyberRiskApp\CyberRiskApp\CyberRiskApp\Services\PdfExportService.cs(172,35): warning CS1998: This async method lacks 'await' operators and will run synchronously. Consider using the 'await' operator to await non-blocking API calls, or 'await Task.Run(...)' to do CPU-bound work on a background thread. [C:\Dev\CyberRiskPlatform\CyberRiskApp\CyberRiskApp\CyberRiskApp\CyberRiskApp.csproj]
C:\Dev\CyberRiskPlatform\CyberRiskApp\CyberRiskApp\CyberRiskApp\Services\MitreImportService.cs(347,53): warning CS8604: Possible null reference argument for parameter 'phaseName' in 'string MitreImportService.FormatTacticName(string phaseName)'. [C:\Dev\CyberRiskPlatform\CyberRiskApp\CyberRiskApp\CyberRiskApp\CyberRiskApp.csproj]
C:\Dev\CyberRiskPlatform\CyberRiskApp\CyberRiskApp\CyberRiskApp\Services\BackupService.cs(918,49): warning EF1002: Method 'ExecuteSqlRawAsync' inserts interpolated strings directly into the SQL, without any protection against SQL injection. Consider using 'ExecuteSqlAsync' instead, which protects against SQL injection, or make sure that the value is sanitized and suppress the warning. [C:\Dev\CyberRiskPlatform\CyberRiskApp\CyberRiskApp\CyberRiskApp\CyberRiskApp.csproj]
C:\Dev\CyberRiskPlatform\CyberRiskApp\CyberRiskApp\CyberRiskApp\Services\BackupService.cs(1071,59): warning EF1002: Method 'ExecuteSqlRawAsync' inserts interpolated strings directly into the SQL, without any protection against SQL injection. Consider using 'ExecuteSqlAsync' instead, which protects against SQL injection, or make sure that the value is sanitized and suppress the warning. [C:\Dev\CyberRiskPlatform\CyberRiskApp\CyberRiskApp\CyberRiskApp\CyberRiskApp.csproj]
C:\Dev\CyberRiskPlatform\CyberRiskApp\CyberRiskApp\CyberRiskApp\Controllers\SetupController.cs(132,17): warning CA1416: This call site is reachable on all platforms. 'ObjectSecurity.SetAccessRuleProtection(bool, bool)' is only supported on: 'windows'. (https://learn.microsoft.com/dotnet/fundamentals/code-analysis/quality-rules/ca1416) [C:\Dev\CyberRiskPlatform\CyberRiskApp\CyberRiskApp\CyberRiskApp\CyberRiskApp.csproj]
C:\Dev\CyberRiskPlatform\CyberRiskApp\CyberRiskApp\CyberRiskApp\Controllers\SetupController.cs(133,17): warning CA1416: This call site is reachable on all platforms. 'FileSystemAclExtensions.SetAccessControl(FileInfo, FileSecurity)' is only supported on: 'windows'. (https://learn.microsoft.com/dotnet/fundamentals/code-analysis/quality-rules/ca1416) [C:\Dev\CyberRiskPlatform\CyberRiskApp\CyberRiskApp\CyberRiskApp\CyberRiskApp.csproj]
C:\Dev\CyberRiskPlatform\CyberRiskApp\CyberRiskApp\CyberRiskApp\Controllers\SetupController.cs(131,36): warning CA1416: This call site is reachable on all platforms. 'FileSystemAclExtensions.GetAccessControl(FileInfo)' is only supported on: 'windows'. (https://learn.microsoft.com/dotnet/fundamentals/code-analysis/quality-rules/ca1416) [C:\Dev\CyberRiskPlatform\CyberRiskApp\CyberRiskApp\CyberRiskApp\CyberRiskApp.csproj]
C:\Program Files\dotnet\sdk\9.0.302\Microsoft.Common.CurrentVersion.targets(5395,5): warning MSB3026: Could not copy "C:\Dev\CyberRiskPlatform\CyberRiskApp\CyberRiskApp\CyberRiskApp\obj\Debug\net8.0\apphost.exe" to "bin\Debug\net8.0\CyberRiskApp.exe". Beginning retry 1 in 1000ms. The process cannot access the file 'C:\Dev\CyberRiskPlatform\CyberRiskApp\CyberRiskApp\CyberRiskApp\bin\Debug\net8.0\CyberRiskApp.exe' because it is being used by another process. The file is locked by: "CyberRiskApp (44136)" [C:\Dev\CyberRiskPlatform\CyberRiskApp\CyberRiskApp\CyberRiskApp\CyberRiskApp.csproj]
C:\Program Files\dotnet\sdk\9.0.302\Microsoft.Common.CurrentVersion.targets(5395,5): warning MSB3026: Could not copy "C:\Dev\CyberRiskPlatform\CyberRiskApp\CyberRiskApp\CyberRiskApp\obj\Debug\net8.0\apphost.exe" to "bin\Debug\net8.0\CyberRiskApp.exe". Beginning retry 2 in 1000ms. The process cannot access the file 'C:\Dev\CyberRiskPlatform\CyberRiskApp\CyberRiskApp\CyberRiskApp\bin\Debug\net8.0\CyberRiskApp.exe' because it is being used by another process. The file is locked by: "CyberRiskApp (44136)" [C:\Dev\CyberRiskPlatform\CyberRiskApp\CyberRiskApp\CyberRiskApp\CyberRiskApp.csproj]
C:\Program Files\dotnet\sdk\9.0.302\Microsoft.Common.CurrentVersion.targets(5395,5): warning MSB3026: Could not copy "C:\Dev\CyberRiskPlatform\CyberRiskApp\CyberRiskApp\CyberRiskApp\obj\Debug\net8.0\apphost.exe" to "bin\Debug\net8.0\CyberRiskApp.exe". Beginning retry 3 in 1000ms. The process cannot access the file 'C:\Dev\CyberRiskPlatform\CyberRiskApp\CyberRiskApp\CyberRiskApp\bin\Debug\net8.0\CyberRiskApp.exe' because it is being used by another process. The file is locked by: "CyberRiskApp (44136)" [C:\Dev\CyberRiskPlatform\CyberRiskApp\CyberRiskApp\CyberRiskApp\CyberRiskApp.csproj]
C:\Program Files\dotnet\sdk\9.0.302\Microsoft.Common.CurrentVersion.targets(5395,5): warning MSB3026: Could not copy "C:\Dev\CyberRiskPlatform\CyberRiskApp\CyberRiskApp\CyberRiskApp\obj\Debug\net8.0\apphost.exe" to "bin\Debug\net8.0\CyberRiskApp.exe". Beginning retry 4 in 1000ms. The process cannot access the file 'C:\Dev\CyberRiskPlatform\CyberRiskApp\CyberRiskApp\CyberRiskApp\bin\Debug\net8.0\CyberRiskApp.exe' because it is being used by another process. The file is locked by: "CyberRiskApp (44136)" [C:\Dev\CyberRiskPlatform\CyberRiskApp\CyberRiskApp\CyberRiskApp\CyberRiskApp.csproj]
C:\Program Files\dotnet\sdk\9.0.302\Microsoft.Common.CurrentVersion.targets(5395,5): warning MSB3026: Could not copy "C:\Dev\CyberRiskPlatform\CyberRiskApp\CyberRiskApp\CyberRiskApp\obj\Debug\net8.0\apphost.exe" to "bin\Debug\net8.0\CyberRiskApp.exe". Beginning retry 5 in 1000ms. The process cannot access the file 'C:\Dev\CyberRiskPlatform\CyberRiskApp\CyberRiskApp\CyberRiskApp\bin\Debug\net8.0\CyberRiskApp.exe' because it is being used by another process. The file is locked by: "CyberRiskApp (44136)" [C:\Dev\CyberRiskPlatform\CyberRiskApp\CyberRiskApp\CyberRiskApp\CyberRiskApp.csproj]
C:\Program Files\dotnet\sdk\9.0.302\Microsoft.Common.CurrentVersion.targets(5395,5): warning MSB3026: Could not copy "C:\Dev\CyberRiskPlatform\CyberRiskApp\CyberRiskApp\CyberRiskApp\obj\Debug\net8.0\apphost.exe" to "bin\Debug\net8.0\CyberRiskApp.exe". Beginning retry 6 in 1000ms. The process cannot access the file 'C:\Dev\CyberRiskPlatform\CyberRiskApp\CyberRiskApp\CyberRiskApp\bin\Debug\net8.0\CyberRiskApp.exe' because it is being used by another process. The file is locked by: "CyberRiskApp (44136)" [C:\Dev\CyberRiskPlatform\CyberRiskApp\CyberRiskApp\CyberRiskApp\CyberRiskApp.csproj]
C:\Program Files\dotnet\sdk\9.0.302\Microsoft.Common.CurrentVersion.targets(5395,5): warning MSB3026: Could not copy "C:\Dev\CyberRiskPlatform\CyberRiskApp\CyberRiskApp\CyberRiskApp\obj\Debug\net8.0\apphost.exe" to "bin\Debug\net8.0\CyberRiskApp.exe". Beginning retry 7 in 1000ms. The process cannot access the file 'C:\Dev\CyberRiskPlatform\CyberRiskApp\CyberRiskApp\CyberRiskApp\bin\Debug\net8.0\CyberRiskApp.exe' because it is being used by another process. The file is locked by: "CyberRiskApp (44136)" [C:\Dev\CyberRiskPlatform\CyberRiskApp\CyberRiskApp\CyberRiskApp\CyberRiskApp.csproj]
C:\Program Files\dotnet\sdk\9.0.302\Microsoft.Common.CurrentVersion.targets(5395,5): warning MSB3026: Could not copy "C:\Dev\CyberRiskPlatform\CyberRiskApp\CyberRiskApp\CyberRiskApp\obj\Debug\net8.0\apphost.exe" to "bin\Debug\net8.0\CyberRiskApp.exe". Beginning retry 8 in 1000ms. The process cannot access the file 'C:\Dev\CyberRiskPlatform\CyberRiskApp\CyberRiskApp\CyberRiskApp\bin\Debug\net8.0\CyberRiskApp.exe' because it is being used by another process. The file is locked by: "CyberRiskApp (44136)" [C:\Dev\CyberRiskPlatform\CyberRiskApp\CyberRiskApp\CyberRiskApp\CyberRiskApp.csproj]
C:\Program Files\dotnet\sdk\9.0.302\Microsoft.Common.CurrentVersion.targets(5395,5): warning MSB3026: Could not copy "C:\Dev\CyberRiskPlatform\CyberRiskApp\CyberRiskApp\CyberRiskApp\obj\Debug\net8.0\apphost.exe" to "bin\Debug\net8.0\CyberRiskApp.exe". Beginning retry 9 in 1000ms. The process cannot access the file 'C:\Dev\CyberRiskPlatform\CyberRiskApp\CyberRiskApp\CyberRiskApp\bin\Debug\net8.0\CyberRiskApp.exe' because it is being used by another process. The file is locked by: "CyberRiskApp (44136)" [C:\Dev\CyberRiskPlatform\CyberRiskApp\CyberRiskApp\CyberRiskApp\CyberRiskApp.csproj]
C:\Program Files\dotnet\sdk\9.0.302\Microsoft.Common.CurrentVersion.targets(5395,5): warning MSB3026: Could not copy "C:\Dev\CyberRiskPlatform\CyberRiskApp\CyberRiskApp\CyberRiskApp\obj\Debug\net8.0\apphost.exe" to "bin\Debug\net8.0\CyberRiskApp.exe". Beginning retry 10 in 1000ms. The process cannot access the file 'C:\Dev\CyberRiskPlatform\CyberRiskApp\CyberRiskApp\CyberRiskApp\bin\Debug\net8.0\CyberRiskApp.exe' because it is being used by another process. The file is locked by: "CyberRiskApp (44136)" [C:\Dev\CyberRiskPlatform\CyberRiskApp\CyberRiskApp\CyberRiskApp\CyberRiskApp.csproj]
C:\Program Files\dotnet\sdk\9.0.302\Microsoft.Common.CurrentVersion.targets(5395,5): error MSB3027: Could not copy "C:\Dev\CyberRiskPlatform\CyberRiskApp\CyberRiskApp\CyberRiskApp\obj\Debug\net8.0\apphost.exe" to "bin\Debug\net8.0\CyberRiskApp.exe". Exceeded retry count of 10. Failed. The file is locked by: "CyberRiskApp (44136)" [C:\Dev\CyberRiskPlatform\CyberRiskApp\CyberRiskApp\CyberRiskApp\CyberRiskApp.csproj]
C:\Program Files\dotnet\sdk\9.0.302\Microsoft.Common.CurrentVersion.targets(5395,5): error MSB3021: Unable to copy file "C:\Dev\CyberRiskPlatform\CyberRiskApp\CyberRiskApp\CyberRiskApp\obj\Debug\net8.0\apphost.exe" to "bin\Debug\net8.0\CyberRiskApp.exe". The process cannot access the file 'C:\Dev\CyberRiskPlatform\CyberRiskApp\CyberRiskApp\CyberRiskApp\bin\Debug\net8.0\CyberRiskApp.exe' because it is being used by another process. [C:\Dev\CyberRiskPlatform\CyberRiskApp\CyberRiskApp\CyberRiskApp\CyberRiskApp.csproj]

The build failed. Fix the build errors and run again.
